<?xml version="1.0" encoding="UTF-8"?>
<!-- Generated by org.testng.reporters.JUnitReportReporter -->
<testsuite hostname="LAPTOP-YESAYAS" failures="0" tests="2" name="com.herokuapp.theinternet.NegativeTests" time="67.889" errors="0" timestamp="2023-05-18T10:54:20 WIB" skipped="0">
  <testcase classname="com.herokuapp.theinternet.NegativeTests" name="incorrectUsername" time="33.108"/>
  <system-out/>
  <testcase classname="com.herokuapp.theinternet.NegativeTests" name="incorrectPassword" time="34.781"/>
  <system-out/>
</testsuite> <!-- com.herokuapp.theinternet.NegativeTests -->
